<?xml version="1.0" encoding="UTF-8"?>
<testsuite xmlns:xsi="http://www.w3.org/2001/XMLSchema-instance" xsi:noNamespaceSchemaLocation="https://maven.apache.org/surefire/maven-surefire-plugin/xsd/surefire-test-report-3.0.xsd" version="3.0" name="com.telstra.codechallenge.MicroServiceMainTest" time="3.402" tests="1" errors="0" skipped="0" failures="0">
  <properties>
[...]
</properties>
  <testcase name="testHealth" classname="com.telstra.codechallenge.MicroServiceMainTest" time="0.415">
    <system-out><![CDATA[00:05:24.492 [main] DEBUG org.springframework.test.context.BootstrapUtils - Instantiating CacheAwareContextLoaderDelegate from class [org.springframework.test.context.cache.DefaultCacheAwareContextLoaderDelegate]
00:05:24.500 [main] DEBUG org.springframework.test.context.BootstrapUtils - Instantiating BootstrapContext using constructor [public org.springframework.test.context.support.DefaultBootstrapContext(java.lang.Class,org.springframework.test.context.CacheAwareContextLoaderDelegate)]
00:05:24.527 [main] DEBUG org.springframework.test.context.BootstrapUtils - Instantiating TestContextBootstrapper for test class [com.telstra.codechallenge.MicroServiceMainTest] from class [org.springframework.boot.test.context.SpringBootTestContextBootstrapper]
00:05:24.537 [main] INFO org.springframework.boot.test.context.SpringBootTestContextBootstrapper - Neither @ContextConfiguration nor @ContextHierarchy found for test class [com.telstra.codechallenge.MicroServiceMainTest], using SpringBootContextLoader
00:05:24.540 [main] DEBUG org.springframework.test.context.support.AbstractContextLoader - Did not detect default resource location for test class [com.telstra.codechallenge.MicroServiceMainTest]: class path resource [com/telstra/codechallenge/MicroServiceMainTest-context.xml] does not exist
00:05:24.540 [main] DEBUG org.springframework.test.context.support.AbstractContextLoader - Did not detect default resource location for test class [com.telstra.codechallenge.MicroServiceMainTest]: class path resource [com/telstra/codechallenge/MicroServiceMainTestContext.groovy] does not exist
00:05:24.540 [main] INFO org.springframework.test.context.support.AbstractContextLoader - Could not detect default resource locations for test class [com.telstra.codechallenge.MicroServiceMainTest]: no resource found for suffixes {-context.xml, Context.groovy}.
00:05:24.541 [main] INFO org.springframework.test.context.support.AnnotationConfigContextLoaderUtils - Could not detect default configuration classes for test class [com.telstra.codechallenge.MicroServiceMainTest]: MicroServiceMainTest does not declare any static, non-private, non-final, nested classes annotated with @Configuration.
00:05:24.571 [main] DEBUG org.springframework.test.context.support.ActiveProfilesUtils - Could not find an 'annotation declaring class' for annotation type [org.springframework.test.context.ActiveProfiles] and class [com.telstra.codechallenge.MicroServiceMainTest]
00:05:24.617 [main] DEBUG org.springframework.context.annotation.ClassPathScanningCandidateComponentProvider - Identified candidate component class: file [/Users/patriciaangelica/Documents/GitHub/springboot-challenge/microservice/target/classes/com/telstra/codechallenge/MicroServiceMain.class]
00:05:24.621 [main] INFO org.springframework.boot.test.context.SpringBootTestContextBootstrapper - Found @SpringBootConfiguration com.telstra.codechallenge.MicroServiceMain for test class com.telstra.codechallenge.MicroServiceMainTest
00:05:24.679 [main] DEBUG org.springframework.boot.test.context.SpringBootTestContextBootstrapper - @TestExecutionListeners is not present for class [com.telstra.codechallenge.MicroServiceMainTest]: using defaults.
00:05:24.680 [main] INFO org.springframework.boot.test.context.SpringBootTestContextBootstrapper - Loaded default TestExecutionListener class names from location [META-INF/spring.factories]: [org.springframework.boot.test.mock.mockito.MockitoTestExecutionListener, org.springframework.boot.test.mock.mockito.ResetMocksTestExecutionListener, org.springframework.boot.test.autoconfigure.restdocs.RestDocsTestExecutionListener, org.springframework.boot.test.autoconfigure.web.client.MockRestServiceServerResetTestExecutionListener, org.springframework.boot.test.autoconfigure.web.servlet.MockMvcPrintOnlyOnFailureTestExecutionListener, org.springframework.boot.test.autoconfigure.web.servlet.WebDriverTestExecutionListener, org.springframework.test.context.web.ServletTestExecutionListener, org.springframework.test.context.support.DirtiesContextBeforeModesTestExecutionListener, org.springframework.test.context.support.DependencyInjectionTestExecutionListener, org.springframework.test.context.support.DirtiesContextTestExecutionListener, org.springframework.test.context.transaction.TransactionalTestExecutionListener, org.springframework.test.context.jdbc.SqlScriptsTestExecutionListener, org.springframework.test.context.event.EventPublishingTestExecutionListener]
00:05:24.687 [main] DEBUG org.springframework.boot.test.context.SpringBootTestContextBootstrapper - Skipping candidate TestExecutionListener [org.springframework.test.context.transaction.TransactionalTestExecutionListener] due to a missing dependency. Specify custom listener classes or make the default listener classes and their required dependencies available. Offending class: [org/springframework/transaction/interceptor/TransactionAttributeSource]
00:05:24.688 [main] DEBUG org.springframework.boot.test.context.SpringBootTestContextBootstrapper - Skipping candidate TestExecutionListener [org.springframework.test.context.jdbc.SqlScriptsTestExecutionListener] due to a missing dependency. Specify custom listener classes or make the default listener classes and their required dependencies available. Offending class: [org/springframework/transaction/interceptor/TransactionAttribute]
00:05:24.688 [main] INFO org.springframework.boot.test.context.SpringBootTestContextBootstrapper - Using TestExecutionListeners: [org.springframework.test.context.web.ServletTestExecutionListener@13330ac6, org.springframework.test.context.support.DirtiesContextBeforeModesTestExecutionListener@539d019, org.springframework.boot.test.mock.mockito.MockitoTestExecutionListener@39a2bb97, org.springframework.boot.test.autoconfigure.SpringBootDependencyInjectionTestExecutionListener@3ad2e17, org.springframework.test.context.support.DirtiesContextTestExecutionListener@8c3619e, org.springframework.test.context.event.EventPublishingTestExecutionListener@4331d187, org.springframework.boot.test.mock.mockito.ResetMocksTestExecutionListener@6f63b475, org.springframework.boot.test.autoconfigure.restdocs.RestDocsTestExecutionListener@554e218, org.springframework.boot.test.autoconfigure.web.client.MockRestServiceServerResetTestExecutionListener@1608bcbd, org.springframework.boot.test.autoconfigure.web.servlet.MockMvcPrintOnlyOnFailureTestExecutionListener@5bf8fa12, org.springframework.boot.test.autoconfigure.web.servlet.WebDriverTestExecutionListener@29ca3d04]
00:05:24.690 [main] DEBUG org.springframework.test.context.support.AbstractDirtiesContextTestExecutionListener - Before test class: context [DefaultTestContext@b7c4869 testClass = MicroServiceMainTest, testInstance = [null], testMethod = [null], testException = [null], mergedContextConfiguration = [WebMergedContextConfiguration@740d2e78 testClass = MicroServiceMainTest, locations = '{}', classes = '{class com.telstra.codechallenge.MicroServiceMain}', contextInitializerClasses = '[]', activeProfiles = '{}', propertySourceLocations = '{}', propertySourceProperties = '{org.springframework.boot.test.context.SpringBootTestContextBootstrapper=true, server.port=0}', contextCustomizers = set[org.springframework.boot.test.context.filter.ExcludeFilterContextCustomizer@5d0bf09b, org.springframework.boot.test.json.DuplicateJsonObjectContextCustomizerFactory$DuplicateJsonObjectContextCustomizer@563f38c4, org.springframework.boot.test.mock.mockito.MockitoContextCustomizer@0, org.springframework.boot.test.web.client.TestRestTemplateContextCustomizer@4b013c76, org.springframework.boot.test.autoconfigure.properties.PropertyMappingContextCustomizer@0, org.springframework.boot.test.autoconfigure.web.servlet.WebDriverContextCustomizerFactory$Customizer@33bc72d1], resourceBasePath = 'src/main/webapp', contextLoader = 'org.springframework.boot.test.context.SpringBootContextLoader', parent = [null]], attributes = map['org.springframework.test.context.web.ServletTestExecutionListener.activateListener' -> false]], class annotated with @DirtiesContext [false] with mode [null].
00:05:24.698 [main] DEBUG org.springframework.test.context.support.DependencyInjectionTestExecutionListener - Performing dependency injection for test context [[DefaultTestContext@b7c4869 testClass = MicroServiceMainTest, testInstance = com.telstra.codechallenge.MicroServiceMainTest@71812481, testMethod = [null], testException = [null], mergedContextConfiguration = [WebMergedContextConfiguration@740d2e78 testClass = MicroServiceMainTest, locations = '{}', classes = '{class com.telstra.codechallenge.MicroServiceMain}', contextInitializerClasses = '[]', activeProfiles = '{}', propertySourceLocations = '{}', propertySourceProperties = '{org.springframework.boot.test.context.SpringBootTestContextBootstrapper=true, server.port=0}', contextCustomizers = set[org.springframework.boot.test.context.filter.ExcludeFilterContextCustomizer@5d0bf09b, org.springframework.boot.test.json.DuplicateJsonObjectContextCustomizerFactory$DuplicateJsonObjectContextCustomizer@563f38c4, org.springframework.boot.test.mock.mockito.MockitoContextCustomizer@0, org.springframework.boot.test.web.client.TestRestTemplateContextCustomizer@4b013c76, org.springframework.boot.test.autoconfigure.properties.PropertyMappingContextCustomizer@0, org.springframework.boot.test.autoconfigure.web.servlet.WebDriverContextCustomizerFactory$Customizer@33bc72d1], resourceBasePath = 'src/main/webapp', contextLoader = 'org.springframework.boot.test.context.SpringBootContextLoader', parent = [null]], attributes = map['org.springframework.test.context.web.ServletTestExecutionListener.activateListener' -> false]]].
00:05:24.712 [main] DEBUG org.springframework.test.context.support.TestPropertySourceUtils - Adding inlined properties to environment: {spring.jmx.enabled=false, org.springframework.boot.test.context.SpringBootTestContextBootstrapper=true, server.port=0}

  .   ____          _            __ _ _
 /\\ / ___'_ __ _ _(_)_ __  __ _ \ \ \ \
( ( )\___ | '_ | '_| | '_ \/ _` | \ \ \ \
 \\/  ___)| |_)| | | | | || (_| |  ) ) ) )
  '  |____| .__|_| |_|_| |_\__, | / / / /
 =========|_|==============|___/=/_/_/_/
 :: Spring Boot ::        (v2.2.6.RELEASE)

2022-08-30 00:05:25.112  INFO 83787 --- [           main] c.t.codechallenge.MicroServiceMainTest   : Starting MicroServiceMainTest on Patricias-MacBook-Pro.local with PID 83787 (started by patriciaangelica in /Users/patriciaangelica/Documents/GitHub/springboot-challenge/microservice)
2022-08-30 00:05:25.113  INFO 83787 --- [           main] c.t.codechallenge.MicroServiceMainTest   : No active profile set, falling back to default profiles: default
2022-08-30 00:05:26.282  INFO 83787 --- [           main] o.s.b.w.embedded.tomcat.TomcatWebServer  : Tomcat initialized with port(s): 0 (http)
2022-08-30 00:05:26.291  INFO 83787 --- [           main] o.apache.catalina.core.StandardService   : Starting service [Tomcat]
2022-08-30 00:05:26.291  INFO 83787 --- [           main] org.apache.catalina.core.StandardEngine  : Starting Servlet engine: [Apache Tomcat/9.0.33]
2022-08-30 00:05:26.366  INFO 83787 --- [           main] o.a.c.c.C.[Tomcat].[localhost].[/]       : Initializing Spring embedded WebApplicationContext
2022-08-30 00:05:26.366  INFO 83787 --- [           main] o.s.web.context.ContextLoader            : Root WebApplicationContext: initialization completed in 1230 ms
2022-08-30 00:05:26.835  INFO 83787 --- [           main] .s.s.UserDetailsServiceAutoConfiguration : 

Using generated security password: a7f36a89-1cb6-4fe4-a54d-fb17f985717a

2022-08-30 00:05:26.944  INFO 83787 --- [           main] o.s.s.web.DefaultSecurityFilterChain     : Creating filter chain: any request, [org.springframework.security.web.context.request.async.WebAsyncManagerIntegrationFilter@20cdb152, org.springframework.security.web.context.SecurityContextPersistenceFilter@644a3add, org.springframework.security.web.header.HeaderWriterFilter@1961d75a, org.springframework.security.web.csrf.CsrfFilter@1ab14636, org.springframework.security.web.authentication.logout.LogoutFilter@613f7eb7, org.springframework.security.web.savedrequest.RequestCacheAwareFilter@4a70d302, org.springframework.security.web.servletapi.SecurityContextHolderAwareRequestFilter@1ef31f71, org.springframework.security.web.authentication.AnonymousAuthenticationFilter@4cffd3fd, org.springframework.security.web.session.SessionManagementFilter@1a21f43f, org.springframework.security.web.access.ExceptionTranslationFilter@5fed9976, org.springframework.security.web.access.intercept.FilterSecurityInterceptor@1e545821]
2022-08-30 00:05:27.088  INFO 83787 --- [           main] o.s.s.concurrent.ThreadPoolTaskExecutor  : Initializing ExecutorService 'applicationTaskExecutor'
2022-08-30 00:05:27.282  INFO 83787 --- [           main] o.s.b.a.e.web.EndpointLinksResolver      : Exposing 2 endpoint(s) beneath base path '/actuator'
2022-08-30 00:05:27.353  INFO 83787 --- [           main] o.s.b.w.embedded.tomcat.TomcatWebServer  : Tomcat started on port(s): 58215 (http) with context path ''
2022-08-30 00:05:27.356  INFO 83787 --- [           main] c.t.codechallenge.MicroServiceMainTest   : Started MicroServiceMainTest in 2.641 seconds (JVM running for 3.425)
2022-08-30 00:05:27.704  INFO 83787 --- [o-auto-1-exec-1] o.a.c.c.C.[Tomcat].[localhost].[/]       : Initializing Spring DispatcherServlet 'dispatcherServlet'
2022-08-30 00:05:27.704  INFO 83787 --- [o-auto-1-exec-1] o.s.web.servlet.DispatcherServlet        : Initializing Servlet 'dispatcherServlet'
2022-08-30 00:05:27.717  INFO 83787 --- [o-auto-1-exec-1] o.s.web.servlet.DispatcherServlet        : Completed initialization in 13 ms
]]></system-out>
  </testcase>
</testsuite>